[debug] [2022-06-21T08:47:13.946Z] ----------------------------------------------------------------------
[debug] [2022-06-21T08:47:13.949Z] Command:       C:\Program Files\nodejs\node.exe C:\Users\Hassan Elmathary\AppData\Roaming\npm\node_modules\firebase-tools\lib\bin\firebase.js init
[debug] [2022-06-21T08:47:13.949Z] CLI Version:   11.1.0
[debug] [2022-06-21T08:47:13.950Z] Platform:      win32
[debug] [2022-06-21T08:47:13.950Z] Node Version:  v16.15.1
[debug] [2022-06-21T08:47:13.952Z] Time:          Tue Jun 21 2022 10:47:13 GMT+0200 (Eastern European Standard Time)
[debug] [2022-06-21T08:47:13.952Z] ----------------------------------------------------------------------
[debug] 
[debug] [2022-06-21T08:47:14.081Z] > command requires scopes: ["email","openid","https://www.googleapis.com/auth/cloudplatformprojects.readonly","https://www.googleapis.com/auth/firebase","https://www.googleapis.com/auth/cloud-platform"]
[debug] [2022-06-21T08:47:14.082Z] > authorizing via signed-in user (hassan.elmathary@gmail.com)
[info] 
     ######## #### ########  ######## ########     ###     ######  ########
     ##        ##  ##     ## ##       ##     ##  ##   ##  ##       ##
     ######    ##  ########  ######   ########  #########  ######  ######
     ##        ##  ##    ##  ##       ##     ## ##     ##       ## ##
     ##       #### ##     ## ######## ########  ##     ##  ######  ########

You're about to initialize a Firebase project in this directory:

  C:\Users\Hassan Elmathary

Before we get started, keep in mind:

  * You are initializing within an existing Firebase project directory

[info] 
=== Project Setup
[info] 
[info] First, let's associate this project directory with a Firebase project.
[info] You can create multiple project aliases by running firebase use --add, 
[info] but for now we'll just set up a default project.
[info] 
[debug] [2022-06-21T08:49:34.953Z] Using project from CLI flag: engservices-org-180a7
[debug] [2022-06-21T08:49:34.959Z] >>> [apiv2][query] GET https://firebase.googleapis.com/v1beta1/projects/engservices-org-180a7 [none]
[debug] [2022-06-21T08:49:35.565Z] <<< [apiv2][status] GET https://firebase.googleapis.com/v1beta1/projects/engservices-org-180a7 200
[debug] [2022-06-21T08:49:35.565Z] <<< [apiv2][body] GET https://firebase.googleapis.com/v1beta1/projects/engservices-org-180a7 {"projectId":"engservices-org-180a7","projectNumber":"93293476787","displayName":"engservices-org","name":"projects/engservices-org-180a7","resources":{"hostingSite":"engservices-org-180a7"},"state":"ACTIVE"}
[info] i  Using project engservices-org-180a7 (engservices-org) 
[info] 
=== Hosting Setup
[info] 
[info] Your public directory is the folder (relative to your project directory) that
[info] will contain Hosting assets to be uploaded with firebase deploy. If you
[info] have a build process for your assets, use your build's output directory.
[info] 
[info] +  Wrote public/404.html 
[debug] [2022-06-21T08:51:08.762Z] >>> [apiv2][query] GET https://www.gstatic.com/firebasejs/releases.json [none]
[debug] [2022-06-21T08:51:09.084Z] <<< [apiv2][status] GET https://www.gstatic.com/firebasejs/releases.json 200
[debug] [2022-06-21T08:51:09.084Z] <<< [apiv2][body] GET https://www.gstatic.com/firebasejs/releases.json {"current":{"version":"9.8.3","browserURL":"https://www.gstatic.com/firebasejs/9.8.3/firebase.js","packageURL":"https://www.gstatic.com/firebasejs/9.8.3/firebase.tgz"},"live":{"version":"9.8","browserURL":"https://www.gstatic.com/firebasejs/live/9.8/firebase.js","packageURL":"https://www.gstatic.com/firebasejs/live/9.8/firebase.tgz"},"components":{"analytics":"https://www.gstatic.com/firebasejs/9.8.3/firebase-analytics.js","app":"https://www.gstatic.com/firebasejs/9.8.3/firebase-app.js","app-check":"https://www.gstatic.com/firebasejs/9.8.3/firebase-app-check.js","auth":"https://www.gstatic.com/firebasejs/9.8.3/firebase-auth.js","auth/cordova":"https://www.gstatic.com/firebasejs/9.8.3/firebase-auth/cordova.js","auth/react-native":"https://www.gstatic.com/firebasejs/9.8.3/firebase-auth/react-native.js","functions":"https://www.gstatic.com/firebasejs/9.8.3/firebase-functions.js","firestore":"https://www.gstatic.com/firebasejs/9.8.3/firebase-firestore.js","firestore/lite":"https://www.gstatic.com/firebasejs/9.8.3/firebase-firestore/lite.js","storage":"https://www.gstatic.com/firebasejs/9.8.3/firebase-storage.js","performance":"https://www.gstatic.com/firebasejs/9.8.3/firebase-performance.js","remote-config":"https://www.gstatic.com/firebasejs/9.8.3/firebase-remote-config.js","messaging":"https://www.gstatic.com/firebasejs/9.8.3/firebase-messaging.js","messaging/sw":"https://www.gstatic.com/firebasejs/9.8.3/firebase-messaging/sw.js","database":"https://www.gstatic.com/firebasejs/9.8.3/firebase-database.js","firestore.memory":"https://www.gstatic.com/firebasejs/9.8.3/firebase-firestore.memory.js"}}
[info] i  Skipping write of public/index.html 
[info] 
[info] i  Didn't detect a .git folder. Assuming C:\Users\Hassan Elmathary\firebase host\deploy2 is the project root. 
[info] i  Authorizing with GitHub to upload your service account to a GitHub repository's secrets store. 
[info] 
[info] Visit this URL on this device to log in:
[info] https://github.com/login/oauth/authorize?client_id=89cf50f02ac6aaed3484&state=406747382&redirect_uri=http%3A%2F%2Flocalhost%3A9005&scope=read%3Auser%20repo%20public_repo
[info] 
[info] Waiting for authentication...
[debug] [2022-06-21T08:51:35.530Z] >>> [apiv2][query] POST https://github.com/login/oauth/access_token [none]
[debug] [2022-06-21T08:51:35.530Z] >>> [apiv2][body] POST https://github.com/login/oauth/access_token [stream]
[debug] [2022-06-21T08:51:36.214Z] <<< [apiv2][status] POST https://github.com/login/oauth/access_token 200
[debug] [2022-06-21T08:51:36.214Z] <<< [apiv2][body] POST https://github.com/login/oauth/access_token {"access_token":"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","token_type":"bearer","scope":"read:user,repo"}
[debug] [2022-06-21T08:51:36.223Z] >>> [apiv2][query] GET https://api.github.com/user [none]
[debug] [2022-06-21T08:51:36.863Z] <<< [apiv2][status] GET https://api.github.com/user 200
[debug] [2022-06-21T08:51:36.863Z] <<< [apiv2][body] GET https://api.github.com/user {"login":"HassanElmathary","id":91297766,"node_id":"MDQ6VXNlcjkxMjk3NzY2","avatar_url":"https://avatars.githubusercontent.com/u/91297766?v=4","gravatar_id":"","url":"https://api.github.com/users/HassanElmathary","html_url":"https://github.com/HassanElmathary","followers_url":"https://api.github.com/users/HassanElmathary/followers","following_url":"https://api.github.com/users/HassanElmathary/following{/other_user}","gists_url":"https://api.github.com/users/HassanElmathary/gists{/gist_id}","starred_url":"https://api.github.com/users/HassanElmathary/starred{/owner}{/repo}","subscriptions_url":"https://api.github.com/users/HassanElmathary/subscriptions","organizations_url":"https://api.github.com/users/HassanElmathary/orgs","repos_url":"https://api.github.com/users/HassanElmathary/repos","events_url":"https://api.github.com/users/HassanElmathary/events{/privacy}","received_events_url":"https://api.github.com/users/HassanElmathary/received_events","type":"User","site_admin":false,"name":null,"company":null,"blog":"","location":null,"email":null,"hireable":null,"bio":null,"twitter_username":null,"public_repos":3,"public_gists":0,"followers":2,"following":25,"created_at":"2021-09-24T01:12:23Z","updated_at":"2022-04-22T21:10:17Z","private_gists":0,"total_private_repos":0,"owned_private_repos":0,"disk_usage":196,"collaborators":0,"two_factor_authentication":false,"plan":{"name":"free","space":976562499,"collaborators":0,"private_repos":10000}}
[info] 
[info] +  Success! Logged into GitHub as HassanElmathary 
[info] 
